top - 16:49:05 up 20:24,  1 user,  load average: 0.33, 2.20, 4.30
Tasks: 231 total,   2 running, 227 sleeping,   0 stopped,   2 zombie
%Cpu(s): 13.9 us, 16.7 sy,  0.0 ni, 68.9 id,  0.4 wa,  0.0 hi,  0.0 si,  0.0 st
KiB Mem :  3916032 total,   711884 free,  2043596 used,  1160552 buff/cache
KiB Swap:  4061180 total,  4015580 free,    45600 used.  1280060 avail Mem 

  PID USER      PR  NI    VIRT    RES    SHR S  %CPU %MEM     TIME+ COMMAND
 6303 naluvjyo  20   0 3386896 992236  86152 R  26.7 25.3  18:59.68 firefox
  948 root      20   0  447744  92332  74548 S   6.7  2.4   2:42.93 Xorg
    1 root      20   0  119784   5836   3948 S   0.0  0.1   0:07.86 systemd
    2 root      20   0       0      0      0 S   0.0  0.0   0:00.00 kthreadd
    3 root      20   0       0      0      0 S   0.0  0.0   2:51.44 ksoftirqd/0
    5 root       0 -20       0      0      0 S   0.0  0.0   0:00.00 kworker/0:+
    7 root      20   0       0      0      0 S   0.0  0.0   0:35.38 rcu_sched
    8 root      20   0       0      0      0 S   0.0  0.0   0:00.00 rcu_bh
    9 root      rt   0       0      0      0 S   0.0  0.0   0:02.90 migration/0
   10 root      rt   0       0      0      0 S   0.0  0.0   0:00.21 watchdog/0
   11 root      rt   0       0      0      0 S   0.0  0.0   0:00.19 watchdog/1
   12 root      rt   0       0      0      0 S   0.0  0.0   0:02.92 migration/1
   13 root      20   0       0      0      0 S   0.0  0.0   2:48.26 ksoftirqd/1
   15 root       0 -20       0      0      0 S   0.0  0.0   0:00.00 kworker/1:+
   16 root      20   0       0      0      0 S   0.0  0.0   0:00.00 kdevtmpfs
   17 root       0 -20       0      0      0 S   0.0  0.0   0:00.00 netns
   18 root       0 -20       0      0      0 S   0.0  0.0   0:00.00 perf
   19 root      20   0       0      0      0 S   0.0  0.0   0:00.02 khungtaskd
   20 root       0 -20       0      0      0 S   0.0  0.0   0:00.00 writeback
   21 root      25   5       0      0      0 S   0.0  0.0   0:00.00 ksmd
   22 root      39  19       0      0      0 S   0.0  0.0   0:02.09 khugepaged
   23 root       0 -20       0      0      0 S   0.0  0.0   0:00.00 crypto
   24 root       0 -20       0      0      0 S   0.0  0.0   0:00.00 kintegrityd
   25 root       0 -20       0      0      0 S   0.0  0.0   0:00.00 bioset
   26 root       0 -20       0      0      0 S   0.0  0.0   0:00.00 kblockd
   27 root       0 -20       0      0      0 S   0.0  0.0   0:00.00 ata_sff
   28 root       0 -20       0      0      0 S   0.0  0.0   0:00.00 md
   29 root       0 -20       0      0      0 S   0.0  0.0   0:00.00 devfreq_wq
   34 root      20   0       0      0      0 S   0.0  0.0   0:00.12 kswapd0
   35 root       0 -20       0      0      0 S   0.0  0.0   0:00.00 vmstat
   36 root      20   0       0      0      0 S   0.0  0.0   0:00.00 fsnotify_m+
   37 root      20   0       0      0      0 S   0.0  0.0   0:00.00 ecryptfs-k+
   53 root       0 -20       0      0      0 S   0.0  0.0   0:00.00 kthrotld
   54 root       0 -20       0      0      0 S   0.0  0.0   0:00.00 acpi_therm+
   55 root       0 -20       0      0      0 S   0.0  0.0   0:00.00 bioset
   56 root       0 -20       0      0      0 S   0.0  0.0   0:00.00 bioset
   57 root       0 -20       0      0      0 S   0.0  0.0   0:00.00 bioset
   58 root       0 -20       0      0      0 S   0.0  0.0   0:00.00 bioset
   59 root       0 -20       0      0      0 S   0.0  0.0   0:00.00 bioset
   60 root       0 -20       0      0      0 S   0.0  0.0   0:00.00 bioset
   61 root       0 -20       0      0      0 S   0.0  0.0   0:00.00 bioset
   62 root       0 -20       0      0      0 S   0.0  0.0   0:00.00 bioset
   66 root       0 -20       0      0      0 S   0.0  0.0   0:00.00 ipv6_addrc+
   79 root       0 -20       0      0      0 S   0.0  0.0   0:00.00 deferwq
   80 root       0 -20       0      0      0 S   0.0  0.0   0:00.00 charger_ma+
  117 root       0 -20       0      0      0 S   0.0  0.0   0:00.00 kpsmoused
  118 root      20   0       0      0      0 S   0.0  0.0   0:00.00 scsi_eh_0
  119 root       0 -20       0      0      0 S   0.0  0.0   0:00.00 scsi_tmf_0
  120 root      20   0       0      0      0 S   0.0  0.0   0:00.00 scsi_eh_1
  121 root       0 -20       0      0      0 S   0.0  0.0   0:00.00 scsi_tmf_1
  122 root      20   0       0      0      0 S   0.0  0.0   0:00.00 scsi_eh_2
  123 root       0 -20       0      0      0 S   0.0  0.0   0:00.00 scsi_tmf_2
  124 root      20   0       0      0      0 S   0.0  0.0   0:00.00 scsi_eh_3
  125 root       0 -20       0      0      0 S   0.0  0.0   0:00.00 scsi_tmf_3
  126 root      20   0       0      0      0 S   0.0  0.0   0:00.00 scsi_eh_4
  127 root       0 -20       0      0      0 S   0.0  0.0   0:00.00 scsi_tmf_4
  128 root      20   0       0      0      0 S   0.0  0.0   0:00.00 scsi_eh_5
  129 root       0 -20       0      0      0 S   0.0  0.0   0:00.00 scsi_tmf_5
  138 root       0 -20       0      0      0 S   0.0  0.0   0:00.00 bioset
  161 root       0 -20       0      0      0 S   0.0  0.0   0:00.05 kworker/0:+
  163 root       0 -20       0      0      0 S   0.0  0.0   0:00.26 kworker/1:+
  165 root      20   0       0      0      0 S   0.0  0.0   0:00.93 jbd2/sda1-8
  166 root       0 -20       0      0      0 S   0.0  0.0   0:00.00 ext4-rsv-c+
  201 root      20   0       0      0      0 S   0.0  0.0   0:00.00 kauditd
  218 root      20   0   40712   9368   4788 S   0.0  0.2   0:03.09 systemd-jo+
  242 root      20   0   46188   3168   2836 S   0.0  0.1   0:00.58 systemd-ud+
  345 root     -51   0       0      0      0 S   0.0  0.0   0:00.00 irq/30-mei+
  402 root       0 -20       0      0      0 S   0.0  0.0   0:00.00 kvm-irqfd-+
  597 systemd+  20   0  102384   2284   2260 S   0.0  0.1   0:06.38 systemd-ti+
  681 root      20   0  337336   6076   4792 S   0.0  0.2   0:00.04 ModemManag+
  684 root      20   0  291836   9216   6132 S   0.0  0.2   0:01.10 accounts-d+
  686 avahi     20   0   60756   4252   3968 S   0.0  0.1   0:02.25 avahi-daem+
  688 message+  20   0   60164   6024   4228 S   0.0  0.2   0:03.08 dbus-daemon
  706 avahi     20   0   60504     44      0 S   0.0  0.0   0:00.00 avahi-daem+
  728 root      20   0   89948   6080   5800 S   0.0  0.2   0:02.12 uwsgi
  729 syslog    20   0  272112   6208   3276 S   0.0  0.2   0:00.81 rsyslogd
  734 root      20   0    4400   1708   1656 S   0.0  0.0   0:00.33 acpid
  738 root      20   0   29880   1256   1256 S   0.0  0.0   0:00.00 cgmanager
  754 root      20   0   29008   2520   2336 S   0.0  0.1   0:00.12 cron
  756 root      20   0  166436   7572   7268 S   0.0  0.2   0:03.68 thermald
  758 root      20   0   28628   3024   2732 S   0.0  0.1   0:00.30 systemd-lo+
  761 root      20   0  449308  12832   9040 S   0.0  0.3   0:00.87 NetworkMan+
  773 root      15  -5  238356  11844   2008 S   0.0  0.3   0:01.45 snapd
  791 root      20   0  297708   9100   6392 S   0.0  0.2   0:02.24 polkitd
  821 root      20   0  350408   5788   5084 S   0.0  0.1   0:00.05 lightdm
  866 postgres  20   0  291192  20420  18712 S   0.0  0.5   0:00.08 postgres
  867 postgres  20   0  294696  21180  19468 S   0.0  0.5   0:00.07 postgres
  911 root      20   0       0      0      0 S   0.0  0.0   0:00.02 kworker/0:0
  955 root      20   0   65520   5940   5224 S   0.0  0.2   0:00.01 sshd
  957 root      20   0   24044   2224   1860 S   0.0  0.1   0:00.00 vsftpd
  981 whoopsie  20   0  373960  13960  10428 S   0.0  0.4   0:00.04 whoopsie
 1008 root      20   0   15940   1668   1540 S   0.0  0.0   0:00.00 agetty
 1038 naluvjyo  20   0   23232   5812   3288 S   0.0  0.1   0:00.02 bash
 1050 root      20   0  290076   2736   2168 S   0.0  0.1   0:00.00 lwsmd
 1052 mysql     20   0 1246952 137220   2860 S   0.0  3.5   0:25.85 mysqld
 1077 root      20   0  298224   4808   4028 S   0.0  0.1   0:00.00 lwregd
 1134 root      20   0   91144   5740   4828 S   0.0  0.1   0:00.00 sudo
 1135 root      20   0   90692   5520   4648 S   0.0  0.1   0:00.00 su
 1143 root      20   0   21288   3824   3232 S   0.0  0.1   0:00.02 bash
 1145 mosquit+  20   0   58236   5808   4864 S   0.0  0.1   0:15.93 mosquitto
 1179 root      20   0   73284  30524   7500 S   0.0  0.8   0:00.20 python
 1180 root      20   0  125112   1400      0 S   0.0  0.0   0:00.00 nginx
 1181 www-data  20   0  141168   6428   4508 S   0.0  0.2   0:03.75 nginx
 1182 www-data  20   0  141304   7216   5156 S   0.0  0.2   0:00.00 nginx
 1192 root      20   0   19472    252      0 S   0.0  0.0   0:01.76 irqbalance
 1228 postgres  20   0  294696   2912   1196 S   0.0  0.1   0:00.01 postgres
 1229 postgres  20   0  294696   4528   2812 S   0.0  0.1   0:00.37 postgres
 1230 postgres  20   0  294696   3024   1308 S   0.0  0.1   0:00.39 postgres
 1231 postgres  20   0  294988   4516   2556 S   0.0  0.1   0:00.24 postgres
 1232 postgres  20   0  149680   2348    632 S   0.0  0.1   0:00.29 postgres
 1270 postgres  20   0  291192   2944   1236 S   0.0  0.1   0:00.01 postgres
 1271 postgres  20   0  291192   4360   2616 S   0.0  0.1   0:00.38 postgres
 1272 postgres  20   0  291192   3000   1292 S   0.0  0.1   0:00.39 postgres
 1273 postgres  20   0  291904   4556   2284 S   0.0  0.1   0:00.25 postgres
 1274 postgres  20   0  146868   2324    616 S   0.0  0.1   0:00.28 postgres
 1282 lightdm   20   0   45248   4536   3840 S   0.0  0.1   0:00.13 systemd
 1283 lightdm   20   0   97544   2240      0 S   0.0  0.1   0:00.00 (sd-pam)
 1327 root      20   0  293872  49788  12784 S   0.0  1.3   0:00.44 python
 1337 root      20   0  240004   5840   4024 S   0.0  0.1   0:03.34 nmbd
 1362 root      20   0  353636  14496  11632 S   0.0  0.4   0:00.12 smbd
 1367 root      20   0       0      0      0 Z   0.0  0.0   0:00.00 sh
 1370 root      20   0  329808   5576   3160 S   0.0  0.1   0:00.00 smbd
 1377 root      20   0  353644  12728   9816 S   0.0  0.3   0:00.22 smbd
 1381 root      20   0   41800   3704   3096 R   0.0  0.1   0:00.00 top
 1438 root      20   0  261576   8044   6784 S   0.0  0.2   0:00.02 lightdm
 1494 lightdm    9 -11  555592  13676   8936 S   0.0  0.3  57:40.60 pulseaudio
 1495 rtkit     21   1  183544   2920   2636 S   0.0  0.1   0:00.50 rtkit-daem+
 1499 root      20   0  347196  10844   7432 S   0.0  0.3   0:00.05 upowerd
 1550 colord    20   0  301240   9760   7124 S   0.0  0.2   0:00.08 colord
 1592 lightdm   20   0  289004   4132   3500 S   0.0  0.1   0:04.21 sd_dummy
 1595 lightdm   20   0  289016   4036   3404 S   0.0  0.1   0:04.21 sd_generic
 1598 lightdm   20   0  523936   7556   5856 S   0.0  0.2   0:04.62 sd_espeak
 1618 lightdm   20   0  289004   4092   3468 S   0.0  0.1   0:04.18 sd_cicero
 1619 lightdm   20   0       0      0      0 Z   0.0  0.0   0:00.00 sd_cicero
 1622 lightdm   20   0   97216   2028   1776 S   0.0  0.1   0:00.00 speech-dis+
 4325 root      20   0  277020   9760   8376 S   0.0  0.2   0:00.08 cups-brows+
 4895 naluvjyo  20   0   45248   4664   3964 S   0.0  0.1   0:00.14 systemd
 4897 naluvjyo  20   0  179472   2368      0 S   0.0  0.1   0:00.00 (sd-pam)
 4902 naluvjyo  20   0  205240   7904   5328 S   0.0  0.2   0:00.07 gnome-keyr+
 4904 naluvjyo  20   0   62200   5444   3928 S   0.0  0.1   0:00.23 upstart
 4988 naluvjyo  20   0   32860   2036   1700 S   0.0  0.1   0:00.05 upstart-ud+
 4997 naluvjyo  20   0   59840   4732   2716 S   0.0  0.1   0:03.49 dbus-daemon
 5009 naluvjyo  20   0   86348   7208   6500 S   0.0  0.2   0:00.10 window-sta+
 5061 naluvjyo  20   0   32796    332      0 S   0.0  0.0   0:00.20 upstart-db+
 5063 naluvjyo  20   0  347956   9748   5412 S   0.0  0.2   0:07.03 ibus-daemon
 5065 naluvjyo  20   0   32896   1632   1232 S   0.0  0.0   0:00.72 upstart-db+
 5074 naluvjyo  20   0   41416   1752   1312 S   0.0  0.0   0:00.00 upstart-fi+
 5085 naluvjyo  20   0  274524   5660   5132 S   0.0  0.1   0:00.04 gvfsd
 5090 naluvjyo  20   0  406860   5080   4552 S   0.0  0.1   0:00.00 gvfsd-fuse
 5105 naluvjyo  20   0  264256   5816   5264 S   0.0  0.1   0:00.00 ibus-dconf
 5106 naluvjyo  20   0  478108  29404  24548 S   0.0  0.8   0:01.94 ibus-ui-gt+
 5110 naluvjyo  20   0  427760  20032  16836 S   0.0  0.5   0:00.05 ibus-x11
 5135 naluvjyo  20   0  166540    328     92 S   0.0  0.0   0:00.31 gpg-agent
 5136 naluvjyo  20   0  188388   4876   4684 S   0.0  0.1   0:01.70 ibus-engin+
 5147 naluvjyo  20   0  526024  32272  23852 S   0.0  0.8   0:08.18 bamfdaemon
 5161 naluvjyo  20   0  730604  47184  23456 S   0.0  1.2   0:08.05 hud-service
 5163 naluvjyo  20   0  928308  30264  22228 S   0.0  0.8   0:00.66 unity-sett+
 5167 naluvjyo  20   0  338004   5640   5156 S   0.0  0.1   0:00.00 at-spi-bus+
 5168 naluvjyo  20   0  714316  17204  12928 S   0.0  0.4   0:00.14 gnome-sess+
 5178 naluvjyo  20   0   58608   5080   4336 S   0.0  0.1   0:00.37 dbus-daemon
 5179 naluvjyo  20   0  591744  52444  26128 S   0.0  1.3   0:06.64 unity-pane+
 5186 naluvjyo  20   0  206860   5268   4752 S   0.0  0.1   0:00.91 at-spi2-re+
 5213 naluvjyo   9 -11  508796   7444   4844 S   0.0  0.2   0:00.06 pulseaudio
 5219 naluvjyo  20   0  178780   5060   4392 S   0.0  0.1   0:00.10 dconf-serv+
 5226 naluvjyo  20   0  354552   6204   5356 S   0.0  0.2   0:00.09 indicator-+
 5227 naluvjyo  20   0  407124   5888   3424 S   0.0  0.2   0:00.00 indicator-+
 5228 naluvjyo  20   0  568796   9252   4960 S   0.0  0.2   0:00.01 indicator-+
 5229 naluvjyo  20   0 1232924  13812   9360 S   0.0  0.4   0:00.29 indicator-+
 5238 naluvjyo  20   0  788368  25680  20744 S   0.0  0.7   0:00.14 indicator-+
 5239 naluvjyo  20   0  737004  10940   7276 S   0.0  0.3   0:00.08 indicator-+
 5241 naluvjyo  20   0  547184  22852  19564 S   0.0  0.6   0:00.07 indicator-+
 5242 naluvjyo  20   0  952880   6232   5224 S   0.0  0.2   0:00.15 indicator-+
 5275 naluvjyo  20   0 1177352  21104  15288 S   0.0  0.5   0:00.05 evolution-+
 5294 naluvjyo  20   0  403152  14744  11292 S   0.0  0.4   0:01.43 indicator-+
 5313 naluvjyo  20   0  758588  21572  14640 S   0.0  0.6   0:00.08 goa-daemon
 5328 naluvjyo  20   0  429308  19156  15984 S   0.0  0.5   0:00.07 polkit-gno+
 5330 naluvjyo  20   0 1367408 104004  24936 S   0.0  2.7   0:02.24 gnome-soft+
 5334 naluvjyo  20   0  671788  34148  27012 S   0.0  0.9   0:01.33 nm-applet
 5335 naluvjyo  20   0 1534936  64268  37888 S   0.0  1.6   0:25.36 nautilus
 5340 naluvjyo  20   0  576804  20488  17260 S   0.0  0.5   0:00.14 unity-fall+
 5343 naluvjyo  20   0  862976  54248  16284 S   0.0  1.4   0:00.11 evolution-+
 5367 naluvjyo  20   0  285436   8860   5740 S   0.0  0.2   0:00.33 gvfs-udisk+
 5371 naluvjyo  20   0  356848   6000   5232 S   0.0  0.2   0:00.03 goa-identi+
 5378 root      20   0  432180   7728   5916 S   0.0  0.2   0:02.32 udisksd
 5381 naluvjyo  20   0  376176   9756   6532 S   0.0  0.2   0:00.16 mission-co+
 5394 root      20   0  628744  32864   7432 S   0.0  0.8   0:00.69 fwupd
 5398 naluvjyo  20   0  403608   8312   7288 S   0.0  0.2   0:00.01 gvfs-afc-v+
 5406 naluvjyo  20   0  259632   4560   3980 S   0.0  0.1   0:00.02 gvfs-mtp-v+
 5411 naluvjyo  20   0  271832   4896   4228 S   0.0  0.1   0:00.00 gvfs-gphot+
 5416 naluvjyo  20   0  257668   4256   3880 S   0.0  0.1   0:00.01 gvfs-goa-v+
 5425 naluvjyo  20   0  348152   5768   5044 S   0.0  0.1   0:00.00 gvfsd-burn
 5433 naluvjyo  20   0  350564   6112   5320 S   0.0  0.2   0:00.06 gvfsd-trash
 5465 naluvjyo  20   0  187800   6320   4456 S   0.0  0.2   0:00.19 gvfsd-meta+
 5470 naluvjyo  20   0  552332  19400  15952 S   0.0  0.5   0:00.05 telepathy-+
 5481 naluvjyo  20   0  815996  47060   8272 S   0.0  1.2   0:00.12 evolution-+
 5493 naluvjyo  20   0 1062524  45200   8660 S   0.0  1.2   0:00.14 evolution-+
 5494 naluvjyo  20   0  690568  13784  10928 S   0.0  0.4   0:00.02 evolution-+
 5511 naluvjyo  20   0  766064  12476   9876 S   0.0  0.3   0:00.04 evolution-+
 5541 naluvjyo  20   0  494704  18284  13156 S   0.0  0.5   0:01.28 zeitgeist-+
 5547 naluvjyo  20   0   12528   2624   2412 S   0.0  0.1   0:00.00 sh
 5554 naluvjyo  20   0  410524   9732   6228 S   0.0  0.2   0:00.14 zeitgeist-+
 5561 naluvjyo  20   0  317272  14064  11536 S   0.0  0.4   0:00.14 zeitgeist-+
 5612 naluvjyo  20   0  583324  32512  27428 S   0.0  0.8   0:00.39 update-not+
 5689 naluvjyo  20   0  435448   6348   5576 S   0.0  0.2   0:00.10 deja-dup-m+
 5720 naluvjyo  20   0  489904  30524  25580 S   0.0  0.8   0:00.61 notify-osd
 5739 root      20   0   16120   2760   1904 S   0.0  0.1   0:00.07 dhclient
 5755 nobody    20   0   52868   3416   3028 S   0.0  0.1   0:00.36 dnsmasq
 6013 naluvjyo  20   0  100060   3244   2956 S   0.0  0.1   0:03.58 adb
 6343 naluvjyo  20   0   61300   4828   4380 S   0.0  0.1   0:00.01 gconfd-2
 6633 root      20   0 1051544   6496   5336 S   0.0  0.2   0:00.14 console-ki+
 7004 naluvjyo  20   0  426920   9212   5984 S   0.0  0.2   0:00.05 gvfsd-netw+
 7019 naluvjyo  20   0  738568  18152  13448 S   0.0  0.5   0:00.04 gvfsd-smb-+
 7034 naluvjyo  20   0  435452   6428   5636 S   0.0  0.2   0:00.02 gvfsd-dnssd
 7093 naluvjyo  20   0  669320  44804  28496 S   0.0  1.1   0:14.42 gnome-term+
 7100 naluvjyo  20   0   23372   6100   3428 S   0.0  0.2   0:00.13 bash
 8355 naluvjyo  20   0 1407400 105620  33892 S   0.0  2.7   1:40.01 sublime_te+
 8846 naluvjyo  20   0  227944  45540   5596 S   0.0  1.2   0:04.76 plugin_host
 9409 naluvjyo  20   0  644912  18656  12836 S   0.0  0.5   0:00.06 unity-scop+
 9762 naluvjyo  20   0  578380  27680  15592 S   0.0  0.7   0:00.30 unity-scop+
 9763 naluvjyo  20   0  638940  13424  10960 S   0.0  0.3   0:00.09 unity-file+
12737 root      20   0       0      0      0 S   0.0  0.0   0:00.19 kworker/u4+
13560 root      20   0       0      0      0 S   0.0  0.0   0:00.05 kworker/1:2
16419 root      20   0       0      0      0 S   0.0  0.0   0:00.02 kworker/u4+
21939 root      20   0       0      0      0 S   0.0  0.0   0:00.11 kworker/0:1
23273 root      20   0       0      0      0 S   0.0  0.0   0:00.11 kworker/1:0
24580 naluvjyo  20   0   23420   6092   3368 S   0.0  0.2   0:00.09 bash
26871 naluvjyo  20   0 1634704 162280  65044 S   0.0  4.1   0:40.49 compiz
28823 root      20   0       0      0      0 S   0.0  0.0   0:00.00 kworker/0:2
29858 naluvjyo  20   0  591736  43480  30588 S   0.0  1.1   0:02.09 gedit
30662 root      20   0       0      0      0 S   0.0  0.0   0:00.11 kworker/u4+
31479 root      20   0       0      0      0 S   0.0  0.0   0:00.23 kworker/1:1

top - 16:49:15 up 20:24,  1 user,  load average: 0.36, 2.14, 4.25
Tasks: 231 total,   1 running, 228 sleeping,   0 stopped,   2 zombie
%Cpu(s):  1.7 us,  1.0 sy,  0.2 ni, 96.8 id,  0.4 wa,  0.0 hi,  0.1 si,  0.0 st
KiB Mem :  3916032 total,   711612 free,  2042296 used,  1162124 buff/cache
KiB Swap:  4061180 total,  4015580 free,    45600 used.  1279808 avail Mem 

  PID USER      PR  NI    VIRT    RES    SHR S  %CPU %MEM     TIME+ COMMAND
 6303 naluvjyo  20   0 3386896 990932  86152 S   1.4 25.3  18:59.82 firefox
  948 root      20   0  447744  92512  74728 S   0.9  2.4   2:43.02 Xorg
 1327 root      20   0  293872  49972  12784 S   0.9  1.3   0:00.53 python
 8355 naluvjyo  20   0 1407400 105620  33892 S   0.7  2.7   1:40.08 sublime_te+
26871 naluvjyo  20   0 1634776 162300  65064 S   0.7  4.1   0:40.56 compiz
 7093 naluvjyo  20   0  669320  44804  28496 S   0.4  1.1   0:14.46 gnome-term+
    7 root      20   0       0      0      0 S   0.1  0.0   0:35.39 rcu_sched
  686 avahi     20   0   60756   4252   3968 S   0.1  0.1   0:02.26 avahi-daem+
  773 root      15  -5  238356  11844   2008 S   0.1  0.3   0:01.46 snapd
 1381 root      20   0   41800   3704   3096 R   0.1  0.1   0:00.01 top
 6013 naluvjyo  20   0  100060   3244   2956 S   0.1  0.1   0:03.59 adb
21939 root      20   0       0      0      0 S   0.1  0.0   0:00.12 kworker/0:1
    1 root      20   0  119784   5836   3948 S   0.0  0.1   0:07.86 systemd
    2 root      20   0       0      0      0 S   0.0  0.0   0:00.00 kthreadd
    3 root      20   0       0      0      0 S   0.0  0.0   2:51.44 ksoftirqd/0
    5 root       0 -20       0      0      0 S   0.0  0.0   0:00.00 kworker/0:+
    8 root      20   0       0      0      0 S   0.0  0.0   0:00.00 rcu_bh
    9 root      rt   0       0      0      0 S   0.0  0.0   0:02.90 migration/0
   10 root      rt   0       0      0      0 S   0.0  0.0   0:00.21 watchdog/0
   11 root      rt   0       0      0      0 S   0.0  0.0   0:00.19 watchdog/1
   12 root      rt   0       0      0      0 S   0.0  0.0   0:02.92 migration/1
   13 root      20   0       0      0      0 S   0.0  0.0   2:48.26 ksoftirqd/1
   15 root       0 -20       0      0      0 S   0.0  0.0   0:00.00 kworker/1:+
   16 root      20   0       0      0      0 S   0.0  0.0   0:00.00 kdevtmpfs
   17 root       0 -20       0      0      0 S   0.0  0.0   0:00.00 netns
   18 root       0 -20       0      0      0 S   0.0  0.0   0:00.00 perf
   19 root      20   0       0      0      0 S   0.0  0.0   0:00.02 khungtaskd
   20 root       0 -20       0      0      0 S   0.0  0.0   0:00.00 writeback
   21 root      25   5       0      0      0 S   0.0  0.0   0:00.00 ksmd
   22 root      39  19       0      0      0 S   0.0  0.0   0:02.09 khugepaged
   23 root       0 -20       0      0      0 S   0.0  0.0   0:00.00 crypto
   24 root       0 -20       0      0      0 S   0.0  0.0   0:00.00 kintegrityd
   25 root       0 -20       0      0      0 S   0.0  0.0   0:00.00 bioset
   26 root       0 -20       0      0      0 S   0.0  0.0   0:00.00 kblockd
   27 root       0 -20       0      0      0 S   0.0  0.0   0:00.00 ata_sff
   28 root       0 -20       0      0      0 S   0.0  0.0   0:00.00 md
   29 root       0 -20       0      0      0 S   0.0  0.0   0:00.00 devfreq_wq
   34 root      20   0       0      0      0 S   0.0  0.0   0:00.12 kswapd0
   35 root       0 -20       0      0      0 S   0.0  0.0   0:00.00 vmstat
   36 root      20   0       0      0      0 S   0.0  0.0   0:00.00 fsnotify_m+
   37 root      20   0       0      0      0 S   0.0  0.0   0:00.00 ecryptfs-k+
   53 root       0 -20       0      0      0 S   0.0  0.0   0:00.00 kthrotld
   54 root       0 -20       0      0      0 S   0.0  0.0   0:00.00 acpi_therm+
   55 root       0 -20       0      0      0 S   0.0  0.0   0:00.00 bioset
   56 root       0 -20       0      0      0 S   0.0  0.0   0:00.00 bioset
   57 root       0 -20       0      0      0 S   0.0  0.0   0:00.00 bioset
   58 root       0 -20       0      0      0 S   0.0  0.0   0:00.00 bioset
   59 root       0 -20       0      0      0 S   0.0  0.0   0:00.00 bioset
   60 root       0 -20       0      0      0 S   0.0  0.0   0:00.00 bioset
   61 root       0 -20       0      0      0 S   0.0  0.0   0:00.00 bioset
   62 root       0 -20       0      0      0 S   0.0  0.0   0:00.00 bioset
   66 root       0 -20       0      0      0 S   0.0  0.0   0:00.00 ipv6_addrc+
   79 root       0 -20       0      0      0 S   0.0  0.0   0:00.00 deferwq
   80 root       0 -20       0      0      0 S   0.0  0.0   0:00.00 charger_ma+
  117 root       0 -20       0      0      0 S   0.0  0.0   0:00.00 kpsmoused
  118 root      20   0       0      0      0 S   0.0  0.0   0:00.00 scsi_eh_0
  119 root       0 -20       0      0      0 S   0.0  0.0   0:00.00 scsi_tmf_0
  120 root      20   0       0      0      0 S   0.0  0.0   0:00.00 scsi_eh_1
  121 root       0 -20       0      0      0 S   0.0  0.0   0:00.00 scsi_tmf_1
  122 root      20   0       0      0      0 S   0.0  0.0   0:00.00 scsi_eh_2
  123 root       0 -20       0      0      0 S   0.0  0.0   0:00.00 scsi_tmf_2
  124 root      20   0       0      0      0 S   0.0  0.0   0:00.00 scsi_eh_3
  125 root       0 -20       0      0      0 S   0.0  0.0   0:00.00 scsi_tmf_3
  126 root      20   0       0      0      0 S   0.0  0.0   0:00.00 scsi_eh_4
  127 root       0 -20       0      0      0 S   0.0  0.0   0:00.00 scsi_tmf_4
  128 root      20   0       0      0      0 S   0.0  0.0   0:00.00 scsi_eh_5
  129 root       0 -20       0      0      0 S   0.0  0.0   0:00.00 scsi_tmf_5
  138 root       0 -20       0      0      0 S   0.0  0.0   0:00.00 bioset
  161 root       0 -20       0      0      0 S   0.0  0.0   0:00.05 kworker/0:+
  163 root       0 -20       0      0      0 S   0.0  0.0   0:00.26 kworker/1:+
  165 root      20   0       0      0      0 S   0.0  0.0   0:00.93 jbd2/sda1-8
  166 root       0 -20       0      0      0 S   0.0  0.0   0:00.00 ext4-rsv-c+
  201 root      20   0       0      0      0 S   0.0  0.0   0:00.00 kauditd
  218 root      20   0   40712   9368   4788 S   0.0  0.2   0:03.09 systemd-jo+
  242 root      20   0   46188   3168   2836 S   0.0  0.1   0:00.58 systemd-ud+
  345 root     -51   0       0      0      0 S   0.0  0.0   0:00.00 irq/30-mei+
  402 root       0 -20       0      0      0 S   0.0  0.0   0:00.00 kvm-irqfd-+
  597 systemd+  20   0  102384   2284   2260 S   0.0  0.1   0:06.38 systemd-ti+
  681 root      20   0  337336   6076   4792 S   0.0  0.2   0:00.04 ModemManag+
  684 root      20   0  291836   9216   6132 S   0.0  0.2   0:01.10 accounts-d+
  688 message+  20   0   60164   6024   4228 S   0.0  0.2   0:03.08 dbus-daemon
  706 avahi     20   0   60504     44      0 S   0.0  0.0   0:00.00 avahi-daem+
  728 root      20   0   89948   6080   5800 S   0.0  0.2   0:02.12 uwsgi
  729 syslog    20   0  272112   6208   3276 S   0.0  0.2   0:00.81 rsyslogd
  734 root      20   0    4400   1708   1656 S   0.0  0.0   0:00.33 acpid
  738 root      20   0   29880   1256   1256 S   0.0  0.0   0:00.00 cgmanager
  754 root      20   0   29008   2520   2336 S   0.0  0.1   0:00.12 cron
  756 root      20   0  166436   7572   7268 S   0.0  0.2   0:03.68 thermald
  758 root      20   0   28628   3024   2732 S   0.0  0.1   0:00.30 systemd-lo+
  761 root      20   0  449308  12832   9040 S   0.0  0.3   0:00.87 NetworkMan+
  791 root      20   0  297708   9100   6392 S   0.0  0.2   0:02.24 polkitd
  821 root      20   0  350408   5788   5084 S   0.0  0.1   0:00.05 lightdm
  866 postgres  20   0  291192  20420  18712 S   0.0  0.5   0:00.08 postgres
  867 postgres  20   0  294696  21180  19468 S   0.0  0.5   0:00.07 postgres
  911 root      20   0       0      0      0 S   0.0  0.0   0:00.02 kworker/0:0
  955 root      20   0   65520   5940   5224 S   0.0  0.2   0:00.01 sshd
  957 root      20   0   24044   2224   1860 S   0.0  0.1   0:00.00 vsftpd
  981 whoopsie  20   0  373960  13960  10428 S   0.0  0.4   0:00.04 whoopsie
 1008 root      20   0   15940   1668   1540 S   0.0  0.0   0:00.00 agetty
 1038 naluvjyo  20   0   23232   5812   3288 S   0.0  0.1   0:00.02 bash
 1050 root      20   0  290076   2736   2168 S   0.0  0.1   0:00.00 lwsmd
 1052 mysql     20   0 1246952 137220   2860 S   0.0  3.5   0:25.85 mysqld
 1077 root      20   0  298224   4808   4028 S   0.0  0.1   0:00.00 lwregd
 1134 root      20   0   91144   5740   4828 S   0.0  0.1   0:00.00 sudo
 1135 root      20   0   90692   5520   4648 S   0.0  0.1   0:00.00 su
 1143 root      20   0   21288   3824   3232 S   0.0  0.1   0:00.02 bash
 1145 mosquit+  20   0   58236   5808   4864 S   0.0  0.1   0:15.93 mosquitto
 1179 root      20   0   73284  30524   7500 S   0.0  0.8   0:00.20 python
 1180 root      20   0  125112   1400      0 S   0.0  0.0   0:00.00 nginx
 1181 www-data  20   0  141168   6428   4508 S   0.0  0.2   0:03.75 nginx
 1182 www-data  20   0  141304   7216   5156 S   0.0  0.2   0:00.00 nginx
 1192 root      20   0   19472    252      0 S   0.0  0.0   0:01.76 irqbalance
 1228 postgres  20   0  294696   2912   1196 S   0.0  0.1   0:00.01 postgres
 1229 postgres  20   0  294696   4528   2812 S   0.0  0.1   0:00.37 postgres
 1230 postgres  20   0  294696   3024   1308 S   0.0  0.1   0:00.39 postgres
 1231 postgres  20   0  294988   4516   2556 S   0.0  0.1   0:00.24 postgres
 1232 postgres  20   0  149680   2348    632 S   0.0  0.1   0:00.29 postgres
 1270 postgres  20   0  291192   2944   1236 S   0.0  0.1   0:00.01 postgres
 1271 postgres  20   0  291192   4360   2616 S   0.0  0.1   0:00.38 postgres
 1272 postgres  20   0  291192   3000   1292 S   0.0  0.1   0:00.39 postgres
 1273 postgres  20   0  291904   4556   2284 S   0.0  0.1   0:00.25 postgres
 1274 postgres  20   0  146868   2324    616 S   0.0  0.1   0:00.28 postgres
 1282 lightdm   20   0   45248   4536   3840 S   0.0  0.1   0:00.13 systemd
 1283 lightdm   20   0   97544   2240      0 S   0.0  0.1   0:00.00 (sd-pam)
 1337 root      20   0  240004   5840   4024 S   0.0  0.1   0:03.34 nmbd
 1362 root      20   0  353636  14496  11632 S   0.0  0.4   0:00.12 smbd
 1367 root      20   0       0      0      0 Z   0.0  0.0   0:00.00 sh
 1370 root      20   0  329808   5576   3160 S   0.0  0.1   0:00.00 smbd
 1377 root      20   0  353644  12728   9816 S   0.0  0.3   0:00.22 smbd
 1394 root      20   0       0      0      0 S   0.0  0.0   0:00.00 kworker/u4+
 1395 root      20   0       0      0      0 S   0.0  0.0   0:00.00 kworker/1:0
 1438 root      20   0  261576   8044   6784 S   0.0  0.2   0:00.02 lightdm
 1494 lightdm    9 -11  555592  13676   8936 S   0.0  0.3  57:40.60 pulseaudio
 1495 rtkit     21   1  183544   2920   2636 S   0.0  0.1   0:00.50 rtkit-daem+
 1499 root      20   0  347196  10844   7432 S   0.0  0.3   0:00.05 upowerd
 1550 colord    20   0  301240   9760   7124 S   0.0  0.2   0:00.08 colord
 1592 lightdm   20   0  289004   4132   3500 S   0.0  0.1   0:04.21 sd_dummy
 1595 lightdm   20   0  289016   4036   3404 S   0.0  0.1   0:04.21 sd_generic
 1598 lightdm   20   0  523936   7556   5856 S   0.0  0.2   0:04.62 sd_espeak
 1618 lightdm   20   0  289004   4092   3468 S   0.0  0.1   0:04.18 sd_cicero
 1619 lightdm   20   0       0      0      0 Z   0.0  0.0   0:00.00 sd_cicero
 1622 lightdm   20   0   97216   2028   1776 S   0.0  0.1   0:00.00 speech-dis+
 4325 root      20   0  277020   9760   8376 S   0.0  0.2   0:00.08 cups-brows+
 4895 naluvjyo  20   0   45248   4664   3964 S   0.0  0.1   0:00.14 systemd
 4897 naluvjyo  20   0  179472   2368      0 S   0.0  0.1   0:00.00 (sd-pam)
 4902 naluvjyo  20   0  205240   7904   5328 S   0.0  0.2   0:00.07 gnome-keyr+
 4904 naluvjyo  20   0   62200   5444   3928 S   0.0  0.1   0:00.23 upstart
 4988 naluvjyo  20   0   32860   2036   1700 S   0.0  0.1   0:00.05 upstart-ud+
 4997 naluvjyo  20   0   59840   4732   2716 S   0.0  0.1   0:03.49 dbus-daemon
 5009 naluvjyo  20   0   86348   7208   6500 S   0.0  0.2   0:00.10 window-sta+
 5061 naluvjyo  20   0   32796    332      0 S   0.0  0.0   0:00.20 upstart-db+
 5063 naluvjyo  20   0  347956   9748   5412 S   0.0  0.2   0:07.03 ibus-daemon
 5065 naluvjyo  20   0   32896   1632   1232 S   0.0  0.0   0:00.72 upstart-db+
 5074 naluvjyo  20   0   41416   1752   1312 S   0.0  0.0   0:00.00 upstart-fi+
 5085 naluvjyo  20   0  274524   5660   5132 S   0.0  0.1   0:00.04 gvfsd
 5090 naluvjyo  20   0  406860   5080   4552 S   0.0  0.1   0:00.00 gvfsd-fuse
 5105 naluvjyo  20   0  264256   5816   5264 S   0.0  0.1   0:00.00 ibus-dconf
 5106 naluvjyo  20   0  478108  29404  24548 S   0.0  0.8   0:01.94 ibus-ui-gt+
 5110 naluvjyo  20   0  427760  20032  16836 S   0.0  0.5   0:00.05 ibus-x11
 5135 naluvjyo  20   0  166540    328     92 S   0.0  0.0   0:00.31 gpg-agent
 5136 naluvjyo  20   0  188388   4876   4684 S   0.0  0.1   0:01.70 ibus-engin+
 5147 naluvjyo  20   0  526024  32272  23852 S   0.0  0.8   0:08.18 bamfdaemon
 5161 naluvjyo  20   0  730604  47184  23456 S   0.0  1.2   0:08.05 hud-service
 5163 naluvjyo  20   0  928308  30264  22228 S   0.0  0.8   0:00.66 unity-sett+
 5167 naluvjyo  20   0  338004   5640   5156 S   0.0  0.1   0:00.00 at-spi-bus+
 5168 naluvjyo  20   0  714316  17204  12928 S   0.0  0.4   0:00.14 gnome-sess+
 5178 naluvjyo  20   0   58608   5080   4336 S   0.0  0.1   0:00.37 dbus-daemon
 5179 naluvjyo  20   0  591744  52444  26128 S   0.0  1.3   0:06.64 unity-pane+
 5186 naluvjyo  20   0  206860   5268   4752 S   0.0  0.1   0:00.91 at-spi2-re+
 5213 naluvjyo   9 -11  508796   7444   4844 S   0.0  0.2   0:00.06 pulseaudio
 5219 naluvjyo  20   0  178780   5060   4392 S   0.0  0.1   0:00.10 dconf-serv+
 5226 naluvjyo  20   0  354552   6204   5356 S   0.0  0.2   0:00.09 indicator-+
 5227 naluvjyo  20   0  407124   5888   3424 S   0.0  0.2   0:00.00 indicator-+
 5228 naluvjyo  20   0  568796   9252   4960 S   0.0  0.2   0:00.01 indicator-+
 5229 naluvjyo  20   0 1232924  13812   9360 S   0.0  0.4   0:00.29 indicator-+
 5238 naluvjyo  20   0  788368  25680  20744 S   0.0  0.7   0:00.14 indicator-+
 5239 naluvjyo  20   0  737004  10940   7276 S   0.0  0.3   0:00.08 indicator-+
 5241 naluvjyo  20   0  547184  22852  19564 S   0.0  0.6   0:00.07 indicator-+
 5242 naluvjyo  20   0  952880   6232   5224 S   0.0  0.2   0:00.15 indicator-+
 5275 naluvjyo  20   0 1177352  21104  15288 S   0.0  0.5   0:00.05 evolution-+
 5294 naluvjyo  20   0  403152  14744  11292 S   0.0  0.4   0:01.43 indicator-+
 5313 naluvjyo  20   0  758588  21572  14640 S   0.0  0.6   0:00.08 goa-daemon
 5328 naluvjyo  20   0  429308  19156  15984 S   0.0  0.5   0:00.07 polkit-gno+
 5330 naluvjyo  20   0 1367408 104004  24936 S   0.0  2.7   0:02.24 gnome-soft+
 5334 naluvjyo  20   0  671788  34148  27012 S   0.0  0.9   0:01.33 nm-applet
 5335 naluvjyo  20   0 1534936  64268  37888 S   0.0  1.6   0:25.36 nautilus
 5340 naluvjyo  20   0  576804  20488  17260 S   0.0  0.5   0:00.14 unity-fall+
 5343 naluvjyo  20   0  862976  54248  16284 S   0.0  1.4   0:00.11 evolution-+
 5367 naluvjyo  20   0  285436   8860   5740 S   0.0  0.2   0:00.33 gvfs-udisk+
 5371 naluvjyo  20   0  356848   6000   5232 S   0.0  0.2   0:00.03 goa-identi+
 5378 root      20   0  432180   7728   5916 S   0.0  0.2   0:02.32 udisksd
 5381 naluvjyo  20   0  376176   9756   6532 S   0.0  0.2   0:00.16 mission-co+
 5394 root      20   0  628744  32864   7432 S   0.0  0.8   0:00.69 fwupd
 5398 naluvjyo  20   0  403608   8312   7288 S   0.0  0.2   0:00.01 gvfs-afc-v+
 5406 naluvjyo  20   0  259632   4560   3980 S   0.0  0.1   0:00.02 gvfs-mtp-v+
 5411 naluvjyo  20   0  271832   4896   4228 S   0.0  0.1   0:00.00 gvfs-gphot+
 5416 naluvjyo  20   0  257668   4256   3880 S   0.0  0.1   0:00.01 gvfs-goa-v+
 5425 naluvjyo  20   0  348152   5768   5044 S   0.0  0.1   0:00.00 gvfsd-burn
 5433 naluvjyo  20   0  350564   6112   5320 S   0.0  0.2   0:00.06 gvfsd-trash
 5465 naluvjyo  20   0  187800   6320   4456 S   0.0  0.2   0:00.19 gvfsd-meta+
 5470 naluvjyo  20   0  552332  19400  15952 S   0.0  0.5   0:00.05 telepathy-+
 5481 naluvjyo  20   0  815996  47060   8272 S   0.0  1.2   0:00.12 evolution-+
 5493 naluvjyo  20   0 1062524  45200   8660 S   0.0  1.2   0:00.14 evolution-+
 5494 naluvjyo  20   0  690568  13784  10928 S   0.0  0.4   0:00.02 evolution-+
 5511 naluvjyo  20   0  766064  12476   9876 S   0.0  0.3   0:00.04 evolution-+
 5541 naluvjyo  20   0  494704  18284  13156 S   0.0  0.5   0:01.28 zeitgeist-+
 5547 naluvjyo  20   0   12528   2624   2412 S   0.0  0.1   0:00.00 sh
 5554 naluvjyo  20   0  410524   9732   6228 S   0.0  0.2   0:00.14 zeitgeist-+
 5561 naluvjyo  20   0  317272  14064  11536 S   0.0  0.4   0:00.14 zeitgeist-+
 5612 naluvjyo  20   0  583324  32512  27428 S   0.0  0.8   0:00.39 update-not+
 5689 naluvjyo  20   0  435448   6348   5576 S   0.0  0.2   0:00.10 deja-dup-m+
 5720 naluvjyo  20   0  489904  30524  25580 S   0.0  0.8   0:00.61 notify-osd
 5739 root      20   0   16120   2760   1904 S   0.0  0.1   0:00.07 dhclient
 5755 nobody    20   0   52868   3416   3028 S   0.0  0.1   0:00.36 dnsmasq
 6343 naluvjyo  20   0   61300   4828   4380 S   0.0  0.1   0:00.01 gconfd-2
 6633 root      20   0 1051544   6496   5336 S   0.0  0.2   0:00.14 console-ki+
 7004 naluvjyo  20   0  426920   9212   5984 S   0.0  0.2   0:00.05 gvfsd-netw+
 7019 naluvjyo  20   0  738568  18152  13448 S   0.0  0.5   0:00.04 gvfsd-smb-+
 7034 naluvjyo  20   0  435452   6428   5636 S   0.0  0.2   0:00.02 gvfsd-dnssd
 7100 naluvjyo  20   0   23372   6100   3428 S   0.0  0.2   0:00.13 bash
 8846 naluvjyo  20   0  227944  45540   5596 S   0.0  1.2   0:04.76 plugin_host
 9409 naluvjyo  20   0  644912  18656  12836 S   0.0  0.5   0:00.06 unity-scop+
 9762 naluvjyo  20   0  578380  27680  15592 S   0.0  0.7   0:00.30 unity-scop+
 9763 naluvjyo  20   0  638940  13424  10960 S   0.0  0.3   0:00.09 unity-file+
12737 root      20   0       0      0      0 S   0.0  0.0   0:00.19 kworker/u4+
13560 root      20   0       0      0      0 S   0.0  0.0   0:00.05 kworker/1:2
24580 naluvjyo  20   0   23420   6092   3368 S   0.0  0.2   0:00.09 bash
28823 root      20   0       0      0      0 S   0.0  0.0   0:00.00 kworker/0:2
29858 naluvjyo  20   0  591736  43480  30588 S   0.0  1.1   0:02.09 gedit
30662 root      20   0       0      0      0 S   0.0  0.0   0:00.11 kworker/u4+
31479 root      20   0       0      0      0 S   0.0  0.0   0:00.23 kworker/1:1
